Using pre-set license
Built from '2023.2/staging' branch; Version is '2023.2.20f1 (0e25a174756c) revision 927137'; Using compiler version '193431935'; Build Type 'Release'
OS: 'Windows 11  (10.0.22631) 64bit ProfessionalWorkstation' Language: 'es' Physical Memory: 32261 MB
BatchMode: 1, IsHumanControllingUs: 0, StartBugReporterOnCrash: 0, Is64bit: 1, IsPro: 1

COMMAND LINE ARGUMENTS:
C:\Program Files\Unity\Hub\Editor\2023.2.20f1-x86_64\Editor\Unity.exe
-adb2
-batchMode
-noUpm
-name
AssetImportWorker0
-projectPath
D:/Unity/SGVR/Grupo1-SG-VR
-logFile
Logs/AssetImportWorker0.log
-srvPort
53650
-job-worker-count
5
-background-job-worker-count
8
-asset-garbage-collectors
1
Successfully changed project path to: D:/Unity/SGVR/Grupo1-SG-VR
D:/Unity/SGVR/Grupo1-SG-VR
[UnityMemory] Configuration Parameters - Can be set up in boot.config
    "memorysetup-bucket-allocator-granularity=16"
    "memorysetup-bucket-allocator-bucket-count=8"
    "memorysetup-bucket-allocator-block-size=33554432"
    "memorysetup-bucket-allocator-block-count=8"
    "memorysetup-main-allocator-block-size=16777216"
    "memorysetup-thread-allocator-block-size=16777216"
    "memorysetup-gfx-main-allocator-block-size=16777216"
    "memorysetup-gfx-thread-allocator-block-size=16777216"
    "memorysetup-cache-allocator-block-size=4194304"
    "memorysetup-typetree-allocator-block-size=2097152"
    "memorysetup-profiler-bucket-allocator-granularity=16"
    "memorysetup-profiler-bucket-allocator-bucket-count=8"
    "memorysetup-profiler-bucket-allocator-block-size=33554432"
    "memorysetup-profiler-bucket-allocator-block-count=8"
    "memorysetup-profiler-allocator-block-size=16777216"
    "memorysetup-profiler-editor-allocator-block-size=1048576"
    "memorysetup-temp-allocator-size-main=16777216"
    "memorysetup-job-temp-allocator-block-size=2097152"
    "memorysetup-job-temp-allocator-block-size-background=1048576"
    "memorysetup-job-temp-allocator-reduction-small-platforms=262144"
    "memorysetup-allocator-temp-initial-block-size-main=262144"
    "memorysetup-allocator-temp-initial-block-size-worker=262144"
    "memorysetup-temp-allocator-size-background-worker=32768"
    "memorysetup-temp-allocator-size-job-worker=262144"
    "memorysetup-temp-allocator-size-preload-manager=33554432"
    "memorysetup-temp-allocator-size-nav-mesh-worker=65536"
    "memorysetup-temp-allocator-size-audio-worker=65536"
    "memorysetup-temp-allocator-size-cloud-worker=32768"
    "memorysetup-temp-allocator-size-gi-baking-worker=262144"
    "memorysetup-temp-allocator-size-gi-baking-worker=262144"
    "memorysetup-temp-allocator-size-gi-baking-worker=262144"
    "memorysetup-temp-allocator-size-gi-baking-worker=262144"
    "memorysetup-temp-allocator-size-gfx=262144"
Player connection [3376] Host "[IP] 192.168.100.137 [Port] 0 [Flags] 2 [Guid] 3842282113 [EditorId] 3842282113 [Version] 1048832 [Id] WindowsEditor(7,TECNICO-01-LW11) [Debug] 1 [PackageName] WindowsEditor [ProjectName] Editor" joined multi-casting on [225.0.0.222:54997]...
Player connection [3376] Host "[IP] 192.168.100.137 [Port] 0 [Flags] 2 [Guid] 3842282113 [EditorId] 3842282113 [Version] 1048832 [Id] WindowsEditor(7,TECNICO-01-LW11) [Debug] 1 [PackageName] WindowsEditor [ProjectName] Editor" joined alternative multi-casting on [225.0.0.222:34997]...
JobSystem: Creating JobQueue using job-worker-count value 5
[Physics::Module] Initialized MultithreadedJobDispatcher with 5 workers.
Library Redirect Path: Library/
Refreshing native plugins compatible for Editor in 19.10 ms, found 12 plugins.
Preloading 1 native plugins for Editor in 2.10 ms.
Initialize engine version: 2023.2.20f1 (0e25a174756c)
[Subsystems] Discovering subsystems at path C:/Program Files/Unity/Hub/Editor/2023.2.20f1-x86_64/Editor/Data/Resources/UnitySubsystems
[Subsystems] Discovering subsystems at path D:/Unity/SGVR/Grupo1-SG-VR/Assets
GfxDevice: creating device client; kGfxThreadingModeNonThreaded
Direct3D:
    Version:  Direct3D 11.0 [level 11.1]
    Renderer: NVIDIA Quadro P2000 (ID=0x1cba)
    Vendor:   NVIDIA
    VRAM:     4017 MB
    Driver:   31.0.15.3878
Initialize mono
Mono path[0] = 'C:/Program Files/Unity/Hub/Editor/2023.2.20f1-x86_64/Editor/Data/Managed'
Mono path[1] = 'C:/Program Files/Unity/Hub/Editor/2023.2.20f1-x86_64/Editor/Data/MonoBleedingEdge/lib/mono/unityjit-win32'
Mono config path = 'C:/Program Files/Unity/Hub/Editor/2023.2.20f1-x86_64/Editor/Data/MonoBleedingEdge/etc'
Using monoOptions --debugger-agent=transport=dt_socket,embedding=1,server=y,suspend=n,address=127.0.0.1:56916
Begin MonoManager ReloadAssembly
Registering precompiled unity dll's ...
Register platform support module: C:/Program Files/Unity/Hub/Editor/2023.2.20f1-x86_64/Editor/Data/PlaybackEngines/WindowsStandaloneSupport/UnityEditor.WindowsStandalone.Extensions.dll
Register platform support module: C:/Program Files/Unity/Hub/Editor/2023.2.20f1-x86_64/Editor/Data/PlaybackEngines/AndroidPlayer/UnityEditor.Android.Extensions.dll
Registered in 0.008078 seconds.
- Loaded All Assemblies, in  1.253 seconds
Native extension for Android target not found
CommandWithNoStdoutInvokationFailure: Unable to start ADB server. Please make sure the Android SDK is installed and is properly configured in the Editor. See the Console for more details.
  at UnityEditor.Android.Command.RunWithShellExecute (System.String command, System.String args, System.String workingdir, System.String errorMsg) [0x00060] in <0494c3641848448e94810128540ecc93>:0 
  at UnityEditor.Android.ADB.StartServer () [0x00013] in <0494c3641848448e94810128540ecc93>:0 
  at UnityEditor.Android.ADB.Run (System.String[] command, UnityEditor.Android.Command+WaitingForProcessToExit waitingForProcessToExit, System.String errorMsg) [0x0000b] in <0494c3641848448e94810128540ecc93>:0 
  at UnityEditor.Android.AndroidDeploymentTargetsExtension.GetKnownTargets (UnityEditor.DeploymentTargets.IDeploymentTargetsMainThreadContext context, UnityEditor.ProgressHandler progressHandler) [0x002ae] in <0494c3641848448e94810128540ecc93>:0 
  at UnityEditor.Android.TargetScanWorker.ScanSync () [0x00039] in <0494c3641848448e94810128540ecc93>:0 
  at UnityEditor.Android.TargetExtension.OnUsbDevicesChanged (UnityEditor.Hardware.UsbDevice[] usbDevices) [0x00081] in <0494c3641848448e94810128540ecc93>:0 
  at UnityEditor.Android.TargetExtension.OnLoad () [0x000ad] in <0494c3641848448e94810128540ecc93>:0 
  at UnityEditor.Modules.ModuleManager.InitializePlatformSupportModules () [0x000b9] in <8f5ff83e453e49179847370b820a0398>:0 

Mono: successfully reloaded assembly
- Finished resetting the current domain, in  5.387 seconds
Domain Reload Profiling: 6649ms
	BeginReloadAssembly (390ms)
		ExecutionOrderSort (0ms)
		DisableScriptedObjects (0ms)
		BackupInstance (0ms)
		ReleaseScriptingObjects (0ms)
		CreateAndSetChildDomain (2ms)
	RebuildCommonClasses (98ms)
	RebuildNativeTypeToScriptingClass (29ms)
	initialDomainReloadingComplete (149ms)
	LoadAllAssembliesAndSetupDomain (593ms)
		LoadAssemblies (382ms)
		RebuildTransferFunctionScriptingTraits (0ms)
		AnalyzeDomain (577ms)
			TypeCache.Refresh (575ms)
				TypeCache.ScanAssembly (505ms)
			BuildScriptInfoCaches (0ms)
			ResolveRequiredComponents (1ms)
	FinalizeReload (5389ms)
		ReleaseScriptCaches (0ms)
		RebuildScriptCaches (0ms)
		SetupLoadedEditorAssemblies (5249ms)
			LogAssemblyErrors (0ms)
			InitializePlatformSupportModulesInManaged (4607ms)
			SetLoadedEditorAssemblies (6ms)
			BeforeProcessingInitializeOnLoad (17ms)
			ProcessInitializeOnLoadAttributes (466ms)
			ProcessInitializeOnLoadMethodAttributes (152ms)
			AfterProcessingInitializeOnLoad (0ms)
			EditorAssembliesLoaded (0ms)
		ExecutionOrderSort2 (0ms)
		AwakeInstancesAfterBackupRestoration (0ms)
========================================================================
Worker process is ready to serve import requests
Import Worker Mode flag is 0x00
Begin MonoManager ReloadAssembly
Symbol file LoadedFromMemory doesn't match image D:\Unity\SGVR\Grupo1-SG-VR\Library\PackageCache\com.unity.visualscripting@1.8.0\Editor\VisualScripting.Core\Dependencies\YamlDotNet\Unity.VisualScripting.YamlDotNet.dll
Symbol file LoadedFromMemory doesn't match image D:\Unity\SGVR\Grupo1-SG-VR\Library\PackageCache\com.unity.visualscripting@1.8.0\Editor\VisualScripting.Core\Dependencies\DotNetZip\Unity.VisualScripting.IonicZip.dll
- Loaded All Assemblies, in  3.206 seconds
'Packages/com.unity.xr.openxr/Runtime/OpenXRLoader.cs' contains partial class of Unity.Object, exactly 1 of the partial classes needs to be in a file with the same filename. This is to know the one that can be referenced from ie. GameObjects
'Packages/com.unity.xr.openxr/Runtime/OpenXRLoaderInternal.cs' contains partial class of Unity.Object, exactly 1 of the partial classes needs to be in a file with the same filename. This is to know the one that can be referenced from ie. GameObjects
Refreshing native plugins compatible for Editor in 19.18 ms, found 12 plugins.
Native extension for Android target not found
Native extension for WindowsStandalone target not found
Package Manager log level set to [2]
[Package Manager] Failed to launch server process. Reason: Unity was launched with the -noUpm command-line argument
[Package Manager] Unable to send message (not connected to server process).
[Package Manager] Cannot connect to Unity Package Manager local server
System.Reflection.TargetInvocationException: Exception has been thrown by the target of an invocation. ---> System.NullReferenceException: Object reference not set to an instance of an object
  at Unity.XR.Oculus.OculusLoader.AssetPathToAbsolutePath (System.String assetPath) [0x0003d] in .\Library\PackageCache\com.unity.xr.oculus@4.2.0\Runtime\OculusLoader.cs:298 
  at Unity.XR.Oculus.OculusLoader.EditorLoadOVRPlugin () [0x0008c] in .\Library\PackageCache\com.unity.xr.oculus@4.2.0\Runtime\OculusLoader.cs:283 
  at (wrapper managed-to-native) System.Reflection.RuntimeMethodInfo.InternalInvoke(System.Reflection.RuntimeMethodInfo,object,object[],System.Exception&)
  at System.Reflection.RuntimeMethodInfo.Invoke (System.Object obj, System.Reflection.BindingFlags invokeAttr, System.Reflection.Binder binder, System.Object[] parameters, System.Globalization.CultureInfo culture) [0x0006a] in <ecf276dcb8654fa5bed2c5ea1a4ad870>:0 
   --- End of inner exception stack trace ---
  at System.Reflection.RuntimeMethodInfo.Invoke (System.Object obj, System.Reflection.BindingFlags invokeAttr, System.Reflection.Binder binder, System.Object[] parameters, System.Globalization.CultureInfo culture) [0x00083] in <ecf276dcb8654fa5bed2c5ea1a4ad870>:0 
  at System.Reflection.MethodBase.Invoke (System.Object obj, System.Object[] parameters) [0x00000] in <ecf276dcb8654fa5bed2c5ea1a4ad870>:0 
  at UnityEditor.EditorAssemblies.ProcessInitializeOnLoadMethodAttributes () [0x00056] in <8f5ff83e453e49179847370b820a0398>:0 
UnityEngine.Debug:ExtractStackTraceNoAlloc (byte*,int,string)
UnityEngine.StackTraceUtility:ExtractStackTrace ()
UnityEngine.DebugLogHandler:Internal_Log (UnityEngine.LogType,UnityEngine.LogOption,string,UnityEngine.Object)
UnityEngine.DebugLogHandler:LogFormat (UnityEngine.LogType,UnityEngine.Object,string,object[])
UnityEngine.Logger:Log (UnityEngine.LogType,object)
UnityEngine.Debug:LogError (object)
UnityEditor.EditorAssemblies:ProcessInitializeOnLoadMethodAttributes ()

Mono: successfully reloaded assembly
[Package Manager] Failed to launch server process. Reason: Unity was launched with the -noUpm command-line argument
[Package Manager] Unable to send message (not connected to server process).
[Package Manager] Cannot connect to Unity Package Manager local server
[Package Manager] Failed to launch server process. Reason: Unity was launched with the -noUpm command-line argument
[Package Manager] Unable to send message (not connected to server process).
[Package Manager] Cannot connect to Unity Package Manager local server
- Finished resetting the current domain, in  2.107 seconds
Domain Reload Profiling: 5311ms
	BeginReloadAssembly (1213ms)
		ExecutionOrderSort (0ms)
		DisableScriptedObjects (21ms)
		BackupInstance (0ms)
		ReleaseScriptingObjects (0ms)
		CreateAndSetChildDomain (114ms)
	RebuildCommonClasses (110ms)
	RebuildNativeTypeToScriptingClass (27ms)
	initialDomainReloadingComplete (109ms)
	LoadAllAssembliesAndSetupDomain (1745ms)
		LoadAssemblies (1150ms)
		RebuildTransferFunctionScriptingTraits (0ms)
		AnalyzeDomain (896ms)
			TypeCache.Refresh (749ms)
				TypeCache.ScanAssembly (664ms)
			BuildScriptInfoCaches (107ms)
			ResolveRequiredComponents (32ms)
	FinalizeReload (2108ms)
		ReleaseScriptCaches (0ms)
		RebuildScriptCaches (0ms)
		SetupLoadedEditorAssemblies (1590ms)
			LogAssemblyErrors (0ms)
			InitializePlatformSupportModulesInManaged (54ms)
			SetLoadedEditorAssemblies (19ms)
			BeforeProcessingInitializeOnLoad (178ms)
			ProcessInitializeOnLoadAttributes (1218ms)
			ProcessInitializeOnLoadMethodAttributes (116ms)
			AfterProcessingInitializeOnLoad (4ms)
			EditorAssembliesLoaded (0ms)
		ExecutionOrderSort2 (0ms)
		AwakeInstancesAfterBackupRestoration (11ms)
Launched and connected shader compiler UnityShaderCompiler.exe after 0.01 seconds
Refreshing native plugins compatible for Editor in 7.66 ms, found 12 plugins.
Preloading 1 native plugins for Editor in 0.04 ms.
Unloading 138 Unused Serialized files (Serialized files now loaded: 0)
Unloading 6692 unused Assets / (6.2 MB). Loaded Objects now: 7388.
Memory consumption went from 175.9 MB to 169.7 MB.
Total: 10.716300 ms (FindLiveObjects: 0.800900 ms CreateObjectMapping: 1.180300 ms MarkObjects: 5.695900 ms  DeleteObjects: 3.038400 ms)

========================================================================
Received Import Request.
  Time since last request: 328720.345892 seconds.
  path: Assets/Imports/Wild West Village
  artifactKey: Guid(ebcac5cf3c6df6b4b92d74fc711a0050) Importer(815301076,1909f56bfc062723c751e8b465ee728b)
Start importing Assets/Imports/Wild West Village using Guid(ebcac5cf3c6df6b4b92d74fc711a0050) Importer(815301076,1909f56bfc062723c751e8b465ee728b) (PreviewImporter) -> (artifact id: '07ac2b452601377b8827e44349cfef36') in 0.0147626 seconds
Number of updated asset objects reloaded before import = 0Number of asset objects unloaded after import = 0

========================================================================
Received Import Request.
  Time since last request: 1.112400 seconds.
  path: Assets/Imports/Wild West Village/Meshes
  artifactKey: Guid(47e44964e91053247adc5b4b9192664e) Importer(815301076,1909f56bfc062723c751e8b465ee728b)
Start importing Assets/Imports/Wild West Village/Meshes using Guid(47e44964e91053247adc5b4b9192664e) Importer(815301076,1909f56bfc062723c751e8b465ee728b) (PreviewImporter) -> (artifact id: '01b7ab0db9b26b944ca0230bdb0f0cd2') in 0.0008999 seconds
Number of updated asset objects reloaded before import = 0Number of asset objects unloaded after import = 0

========================================================================
Received Import Request.
  Time since last request: 1.001003 seconds.
  path: Assets/Imports/Wild West Village/Prefabs
  artifactKey: Guid(8a1fcecc489f81541be9532336c16476) Importer(815301076,1909f56bfc062723c751e8b465ee728b)
Start importing Assets/Imports/Wild West Village/Prefabs using Guid(8a1fcecc489f81541be9532336c16476) Importer(815301076,1909f56bfc062723c751e8b465ee728b) (PreviewImporter) -> (artifact id: '19e99bf988cab3c78d8eb1dd42a8342e') in 0.0005753 seconds
Number of updated asset objects reloaded before import = 0Number of asset objects unloaded after import = 0

========================================================================
Received Import Request.
  Time since last request: 4.266795 seconds.
  path: Assets/Imports/Wild West Village/Meshes/wild-west-village.fbx
  artifactKey: Guid(0b9fa9fdbeec75d43962c29f7514b400) Importer(815301076,1909f56bfc062723c751e8b465ee728b)
Start importing Assets/Imports/Wild West Village/Meshes/wild-west-village.fbx using Guid(0b9fa9fdbeec75d43962c29f7514b400) Importer(815301076,1909f56bfc062723c751e8b465ee728b) (PreviewImporter) -> (artifact id: '5b6e93ed1ef3bb63ab7292bc070f6e03') in 2.1976114 seconds
Number of updated asset objects reloaded before import = 0Number of asset objects unloaded after import = 652

========================================================================
Received Import Request.
  Time since last request: 49.606217 seconds.
  path: Assets/Imports/Wild West Village/Materials
  artifactKey: Guid(a22c2bc24564714429313d55c4b6c810) Importer(815301076,1909f56bfc062723c751e8b465ee728b)
Start importing Assets/Imports/Wild West Village/Materials using Guid(a22c2bc24564714429313d55c4b6c810) Importer(815301076,1909f56bfc062723c751e8b465ee728b) (PreviewImporter) -> (artifact id: 'bf98258b217a1dfc8b994de6a06c0400') in 0.0014198 seconds
Number of updated asset objects reloaded before import = 0Number of asset objects unloaded after import = 0

========================================================================
Received Import Request.
  Time since last request: 0.044585 seconds.
  path: Assets/Imports/Wild West Village/Materials/bank-sign.mat
  artifactKey: Guid(b597a0c22aacea54fa65153d912b78e5) Importer(815301076,1909f56bfc062723c751e8b465ee728b)
Start importing Assets/Imports/Wild West Village/Materials/bank-sign.mat using Guid(b597a0c22aacea54fa65153d912b78e5) Importer(815301076,1909f56bfc062723c751e8b465ee728b) (PreviewImporter) -> (artifact id: '8f4daed439b7bc49bc871c8bf84892f6') in 0.0885796 seconds
Number of updated asset objects reloaded before import = 0Number of asset objects unloaded after import = 4

========================================================================
Received Import Request.
  Time since last request: 0.000087 seconds.
  path: Assets/Imports/Wild West Village/Materials/store-sign.mat
  artifactKey: Guid(174cc4aaf6bc046448beca0886e219fe) Importer(815301076,1909f56bfc062723c751e8b465ee728b)
Start importing Assets/Imports/Wild West Village/Materials/store-sign.mat using Guid(174cc4aaf6bc046448beca0886e219fe) Importer(815301076,1909f56bfc062723c751e8b465ee728b) (PreviewImporter) -> (artifact id: '429d6ce32f696a1858ed6fa8c5df36ab') in 0.0473285 seconds
Number of updated asset objects reloaded before import = 0Number of asset objects unloaded after import = 4

========================================================================
Received Import Request.
  Time since last request: 0.000051 seconds.
  path: Assets/Imports/Wild West Village/Materials/saloon-sign.mat
  artifactKey: Guid(05ed3cfeccec4754da9e80fb539d2b5d) Importer(815301076,1909f56bfc062723c751e8b465ee728b)
Start importing Assets/Imports/Wild West Village/Materials/saloon-sign.mat using Guid(05ed3cfeccec4754da9e80fb539d2b5d) Importer(815301076,1909f56bfc062723c751e8b465ee728b) (PreviewImporter) -> (artifact id: 'a239721074db2fc6e7f50bff5964a765') in 0.0420388 seconds
Number of updated asset objects reloaded before import = 0Number of asset objects unloaded after import = 4

========================================================================
Received Import Request.
  Time since last request: 0.000057 seconds.
  path: Assets/Imports/Wild West Village/Materials/sheriff-sign.mat
  artifactKey: Guid(f94c17a0b0958c8489f25bf1e38d0c81) Importer(815301076,1909f56bfc062723c751e8b465ee728b)
Start importing Assets/Imports/Wild West Village/Materials/sheriff-sign.mat using Guid(f94c17a0b0958c8489f25bf1e38d0c81) Importer(815301076,1909f56bfc062723c751e8b465ee728b) (PreviewImporter) -> (artifact id: '049fd3f8c24e9c168c3a023345045e81') in 0.0499228 seconds
Number of updated asset objects reloaded before import = 0Number of asset objects unloaded after import = 4

========================================================================
Received Import Request.
  Time since last request: 0.000069 seconds.
  path: Assets/Imports/Wild West Village/Materials/wild-west-village.mat
  artifactKey: Guid(db624b3c91dab2d4694fe137f15d46bc) Importer(815301076,1909f56bfc062723c751e8b465ee728b)
Start importing Assets/Imports/Wild West Village/Materials/wild-west-village.mat using Guid(db624b3c91dab2d4694fe137f15d46bc) Importer(815301076,1909f56bfc062723c751e8b465ee728b) (PreviewImporter) -> (artifact id: '5dd2d92261f486aa5e60ea1e0e969a22') in 0.0529474 seconds
Number of updated asset objects reloaded before import = 0Number of asset objects unloaded after import = 4

========================================================================
Received Import Request.
  Time since last request: 1353.760884 seconds.
  path: Assets/Prefabs/Enviroment/Env_1.prefab
  artifactKey: Guid(5f3b1ccb53a7bdf48b652d7984da7f7e) Importer(815301076,1909f56bfc062723c751e8b465ee728b)
Start importing Assets/Prefabs/Enviroment/Env_1.prefab using Guid(5f3b1ccb53a7bdf48b652d7984da7f7e) Importer(815301076,1909f56bfc062723c751e8b465ee728b) (PreviewImporter) -> (artifact id: 'fb3e4702ee59845fc8d78225a2b4af58') in 0.1531208 seconds
Number of updated asset objects reloaded before import = 51Number of asset objects unloaded after import = 669

========================================================================
Received Import Request.
  Time since last request: 16.554626 seconds.
  path: Assets/Imports/Wild West Village/LODS
  artifactKey: Guid(f587f7c81e6374b4cb06f5e9116fd8c7) Importer(815301076,1909f56bfc062723c751e8b465ee728b)
Start importing Assets/Imports/Wild West Village/LODS using Guid(f587f7c81e6374b4cb06f5e9116fd8c7) Importer(815301076,1909f56bfc062723c751e8b465ee728b) (PreviewImporter) -> (artifact id: 'e8ae1f5fb84ab0da4edd41b4341909a4') in 0.002645 seconds
Number of updated asset objects reloaded before import = 0Number of asset objects unloaded after import = 0

========================================================================
Received Import Request.
  Time since last request: 8.690255 seconds.
  path: Assets/Imports/Wild West Village/LODS/LOD2_Barrel.fbx
  artifactKey: Guid(a037d86d450c1a94ea5d78895636639b) Importer(815301076,1909f56bfc062723c751e8b465ee728b)
Start importing Assets/Imports/Wild West Village/LODS/LOD2_Barrel.fbx using Guid(a037d86d450c1a94ea5d78895636639b) Importer(815301076,1909f56bfc062723c751e8b465ee728b) (PreviewImporter) -> (artifact id: 'fb98bae865ba0926aaa9554baaf607e3') in 0.2457925 seconds
Number of updated asset objects reloaded before import = 0Number of asset objects unloaded after import = 51

========================================================================
Received Import Request.
  Time since last request: 0.000077 seconds.
  path: Assets/Imports/Wild West Village/LODS/LOD2_Cactus3.fbx
  artifactKey: Guid(abeed4a5ea4e41941ba1daf3e95c0ce6) Importer(815301076,1909f56bfc062723c751e8b465ee728b)
Start importing Assets/Imports/Wild West Village/LODS/LOD2_Cactus3.fbx using Guid(abeed4a5ea4e41941ba1daf3e95c0ce6) Importer(815301076,1909f56bfc062723c751e8b465ee728b) (PreviewImporter) -> (artifact id: '2d6f369ea8ffeb03ccc6022640984f4b') in 0.2173414 seconds
Number of updated asset objects reloaded before import = 0Number of asset objects unloaded after import = 51

========================================================================
Received Import Request.
  Time since last request: 0.000263 seconds.
  path: Assets/Imports/Wild West Village/LODS/LOD3_Rock.fbx
  artifactKey: Guid(9e8f11ff89ed7434c9d5150d729302c2) Importer(815301076,1909f56bfc062723c751e8b465ee728b)
Start importing Assets/Imports/Wild West Village/LODS/LOD3_Rock.fbx using Guid(9e8f11ff89ed7434c9d5150d729302c2) Importer(815301076,1909f56bfc062723c751e8b465ee728b) (PreviewImporter) -> (artifact id: '972fdaf6fc6aabab216dd1b16b0e4739') in 0.1973125 seconds
Number of updated asset objects reloaded before import = 0Number of asset objects unloaded after import = 51

========================================================================
Received Import Request.
  Time since last request: 0.000068 seconds.
  path: Assets/Imports/Wild West Village/LODS/LOD3_Cactus3.fbx
  artifactKey: Guid(68e115e1c59159a4ba4f11dea15782d5) Importer(815301076,1909f56bfc062723c751e8b465ee728b)
Start importing Assets/Imports/Wild West Village/LODS/LOD3_Cactus3.fbx using Guid(68e115e1c59159a4ba4f11dea15782d5) Importer(815301076,1909f56bfc062723c751e8b465ee728b) (PreviewImporter) -> (artifact id: '5f751e265ea5a526affa86ca33254ddf') in 0.2119541 seconds
Number of updated asset objects reloaded before import = 0Number of asset objects unloaded after import = 51

========================================================================
Received Import Request.
  Time since last request: 0.000076 seconds.
  path: Assets/Imports/Wild West Village/LODS/LOD3_Carreta.fbx
  artifactKey: Guid(e603dc8a5821f6c44bbb9800bbf9c832) Importer(815301076,1909f56bfc062723c751e8b465ee728b)
Start importing Assets/Imports/Wild West Village/LODS/LOD3_Carreta.fbx using Guid(e603dc8a5821f6c44bbb9800bbf9c832) Importer(815301076,1909f56bfc062723c751e8b465ee728b) (PreviewImporter) -> (artifact id: '3177f478efa9f2b3dbb255d275a0bdbc') in 0.2018622 seconds
Number of updated asset objects reloaded before import = 0Number of asset objects unloaded after import = 51

========================================================================
Received Import Request.
  Time since last request: 0.000065 seconds.
  path: Assets/Imports/Wild West Village/LODS/LOD2_Cactus2.fbx
  artifactKey: Guid(7800271f49026cd4896bb455b74044a5) Importer(815301076,1909f56bfc062723c751e8b465ee728b)
Start importing Assets/Imports/Wild West Village/LODS/LOD2_Cactus2.fbx using Guid(7800271f49026cd4896bb455b74044a5) Importer(815301076,1909f56bfc062723c751e8b465ee728b) (PreviewImporter) -> (artifact id: '35cf20c2b32732ef7a98c485de097a23') in 0.2129266 seconds
Number of updated asset objects reloaded before import = 0Number of asset objects unloaded after import = 51

========================================================================
Received Import Request.
  Time since last request: 0.000041 seconds.
  path: Assets/Imports/Wild West Village/LODS/LOD2_Rock.fbx
  artifactKey: Guid(a386141e9a8267f4890b700f41d93939) Importer(815301076,1909f56bfc062723c751e8b465ee728b)
Start importing Assets/Imports/Wild West Village/LODS/LOD2_Rock.fbx using Guid(a386141e9a8267f4890b700f41d93939) Importer(815301076,1909f56bfc062723c751e8b465ee728b) (PreviewImporter) -> (artifact id: '07a48c5b7acd75f10b5392f2226d00da') in 0.2139137 seconds
Number of updated asset objects reloaded before import = 0Number of asset objects unloaded after import = 51

========================================================================
Received Import Request.
  Time since last request: 115.137207 seconds.
  path: Assets/Imports/Wild West Village/LODS/LOD2_Barrel.fbx
  artifactKey: Guid(a037d86d450c1a94ea5d78895636639b) Importer(815301076,1909f56bfc062723c751e8b465ee728b)
Start importing Assets/Imports/Wild West Village/LODS/LOD2_Barrel.fbx using Guid(a037d86d450c1a94ea5d78895636639b) Importer(815301076,1909f56bfc062723c751e8b465ee728b) (PreviewImporter) -> (artifact id: '359f8f1a29613fe5663f43be748ff3bf') in 0.066367 seconds
Number of updated asset objects reloaded before import = 0Number of asset objects unloaded after import = 11

========================================================================
Received Import Request.
  Time since last request: 353.492502 seconds.
  path: Assets/Imports/Wild West Village/LODS/LOD2_Box.fbx
  artifactKey: Guid(d10cbd7f2a929bf4496889a76dbb0b6f) Importer(815301076,1909f56bfc062723c751e8b465ee728b)
Start importing Assets/Imports/Wild West Village/LODS/LOD2_Box.fbx using Guid(d10cbd7f2a929bf4496889a76dbb0b6f) Importer(815301076,1909f56bfc062723c751e8b465ee728b) (PreviewImporter) -> (artifact id: '46896e69bf9daf6e6df4e3d199a69c71') in 0.0991264 seconds
Number of updated asset objects reloaded before import = 0Number of asset objects unloaded after import = 11

========================================================================
Received Import Request.
  Time since last request: 0.000793 seconds.
  path: Assets/Imports/Wild West Village/LODS/LOD2_Cactus3.fbx
  artifactKey: Guid(abeed4a5ea4e41941ba1daf3e95c0ce6) Importer(815301076,1909f56bfc062723c751e8b465ee728b)
Start importing Assets/Imports/Wild West Village/LODS/LOD2_Cactus3.fbx using Guid(abeed4a5ea4e41941ba1daf3e95c0ce6) Importer(815301076,1909f56bfc062723c751e8b465ee728b) (PreviewImporter) -> (artifact id: 'ceed85bc68798e53f987b71733fac01e') in 0.0097255 seconds
Number of updated asset objects reloaded before import = 0Number of asset objects unloaded after import = 4

========================================================================
Received Import Request.
  Time since last request: 0.000062 seconds.
  path: Assets/Imports/Wild West Village/LODS/LOD3_Cactus1.fbx
  artifactKey: Guid(0f2412da254a20f48abcce7d490585ba) Importer(815301076,1909f56bfc062723c751e8b465ee728b)
Start importing Assets/Imports/Wild West Village/LODS/LOD3_Cactus1.fbx using Guid(0f2412da254a20f48abcce7d490585ba) Importer(815301076,1909f56bfc062723c751e8b465ee728b) (PreviewImporter) -> (artifact id: 'dd064e905a7dfc328c43c47f389258da') in 0.0912731 seconds
Number of updated asset objects reloaded before import = 0Number of asset objects unloaded after import = 11

========================================================================
Received Import Request.
  Time since last request: 0.000038 seconds.
  path: Assets/Imports/Wild West Village/LODS/LOD3_Box.fbx
  artifactKey: Guid(ff0eb8afb063263449fa3683ce9dcebf) Importer(815301076,1909f56bfc062723c751e8b465ee728b)
Start importing Assets/Imports/Wild West Village/LODS/LOD3_Box.fbx using Guid(ff0eb8afb063263449fa3683ce9dcebf) Importer(815301076,1909f56bfc062723c751e8b465ee728b) (PreviewImporter) -> (artifact id: 'b5941db80226faefc39f94d1ad4a7c42') in 0.0692053 seconds
Number of updated asset objects reloaded before import = 0Number of asset objects unloaded after import = 11

========================================================================
Received Import Request.
  Time since last request: 0.000052 seconds.
  path: Assets/Imports/Wild West Village/LODS/LOD3_Cactus2.fbx
  artifactKey: Guid(94283ac7edfdb3448ba7d9e85b04f992) Importer(815301076,1909f56bfc062723c751e8b465ee728b)
Start importing Assets/Imports/Wild West Village/LODS/LOD3_Cactus2.fbx using Guid(94283ac7edfdb3448ba7d9e85b04f992) Importer(815301076,1909f56bfc062723c751e8b465ee728b) (PreviewImporter) -> (artifact id: '8e8763a12f5c047cf42d4148f09556d2') in 0.0704686 seconds
Number of updated asset objects reloaded before import = 0Number of asset objects unloaded after import = 11

